#
# There is insufficient memory for the Java Runtime Environment to continue.
# Native memory allocation (mmap) failed to map 268435456 bytes for G1 virtual space
# Possible reasons:
#   The system is out of physical RAM or swap space
#   The process is running with CompressedOops enabled, and the Java Heap may be blocking the growth of the native heap
# Possible solutions:
#   Reduce memory load on the system
#   Increase physical memory or swap space
#   Check if swap backing store is full
#   Decrease Java heap size (-Xmx/-Xms)
#   Decrease number of Java threads
#   Decrease Java thread stack sizes (-Xss)
#   Set larger code cache with -XX:ReservedCodeCacheSize=
#   JVM is running with Zero Based Compressed Oops mode in which the Java heap is
#     placed in the first 32GB address space. The Java Heap base address is the
#     maximum limit for the native heap growth. Please use -XX:HeapBaseMinAddress
#     to set the Java Heap base and to place the Java Heap above 32GB virtual address.
# This output file may be truncated or incomplete.
#
#  Out of Memory Error (os_windows.cpp:3548), pid=27764, tid=25832
#
# JRE version:  (17.0.10+11) (build )
# Java VM: Java HotSpot(TM) 64-Bit Server VM (17.0.10+11-LTS-240, mixed mode, emulated-client, sharing, tiered, compressed oops, compressed class ptrs, g1 gc, windows-amd64)
# No core dump will be written. Minidumps are not enabled by default on client versions of Windows
#

---------------  S U M M A R Y ------------

Command Line: -XX:TieredStopAtLevel=1 -Dspring.output.ansi.enabled=always -Dcom.sun.management.jmxremote -Dspring.jmx.enabled=true -Dspring.liveBeansView.mbeanDomain -Dspring.application.admin.enabled=true -Dmanagement.endpoints.jmx.exposure.include=* -javaagent:G:\java spring\intellij\IntelliJ IDEA 2023.3.3\lib\idea_rt.jar=55571:G:\java spring\intellij\IntelliJ IDEA 2023.3.3\bin -Dfile.encoding=UTF-8 com.abdabughazaleh.pos.pos.PosApplication

Host: Intel(R) Core(TM) i7-9750H CPU @ 2.60GHz, 12 cores, 15G,  Windows 10 , 64 bit Build 19041 (10.0.19041.3636)
Time: Sun Jun  2 21:56:22 2024 Egypt Daylight Time elapsed time: 0.017263 seconds (0d 0h 0m 0s)

---------------  T H R E A D  ---------------

Current thread (0x00000273b84fbf90):  JavaThread "Unknown thread" [_thread_in_vm, id=25832, stack(0x0000007ef3b00000,0x0000007ef3c00000)]

Stack: [0x0000007ef3b00000,0x0000007ef3c00000]
Native frames: (J=compiled Java code, j=interpreted, Vv=VM code, C=native code)
V  [jvm.dll+0x677a5a]
V  [jvm.dll+0x7d8b2d]
V  [jvm.dll+0x7da48e]
V  [jvm.dll+0x7daaf3]
V  [jvm.dll+0x2455ff]
V  [jvm.dll+0x6749b9]
V  [jvm.dll+0x669382]
V  [jvm.dll+0x302e96]
V  [jvm.dll+0x30a416]
V  [jvm.dll+0x359cbe]
V  [jvm.dll+0x359eef]
V  [jvm.dll+0x2d9e88]
V  [jvm.dll+0x2dadf4]
V  [jvm.dll+0x7aa551]
V  [jvm.dll+0x367911]
V  [jvm.dll+0x789639]
V  [jvm.dll+0x3eb30f]
V  [jvm.dll+0x3ecd91]
C  [jli.dll+0x5297]
C  [ucrtbase.dll+0x21bb2]
C  [KERNEL32.DLL+0x17344]
C  [ntdll.dll+0x526b1]


---------------  P R O C E S S  ---------------

Threads class SMR info:
_java_thread_list=0x00007ffb753b6a18, length=0, elements={
}

Java Threads: ( => current thread )

Other Threads:
  0x00000273b636e800 GCTaskThread "GC Thread#0" [stack: 0x0000007ef3c00000,0x0000007ef3d00000] [id=13088]
  0x00000273b8574640 ConcurrentGCThread "G1 Main Marker" [stack: 0x0000007ef3d00000,0x0000007ef3e00000] [id=22284]
  0x00000273b8575700 ConcurrentGCThread "G1 Conc#0" [stack: 0x0000007ef3e00000,0x0000007ef3f00000] [id=17764]

[error occurred during error reporting (printing all threads), id 0xc0000005, EXCEPTION_ACCESS_VIOLATION (0xc0000005) at pc=0x00007ffb74beaae7]

VM state: not at safepoint (not fully initialized)

VM Mutex/Monitor currently owned by a thread:  ([mutex/lock_event])
[0x00000273b84f7c10] Heap_lock - owner thread: 0x00000273b84fbf90

Heap address: 0x0000000701600000, size: 4074 MB, Compressed Oops mode: Zero based, Oop shift amount: 3

CDS archive(s) mapped at: [0x0000000000000000-0x0000000000000000-0x0000000000000000), size 0, SharedBaseAddress: 0x0000000800000000, ArchiveRelocationMode: 1.
Narrow klass base: 0x0000000000000000, Narrow klass shift: 0, Narrow klass range: 0x0

GC Precious Log:
<Empty>

Heap:
 garbage-first heap   total 0K, used 0K [0x0000000701600000, 0x0000000800000000)
  region size 2048K, 0 young (0K), 0 survivors (0K)

[error occurred during error reporting (printing heap information), id 0xc0000005, EXCEPTION_ACCESS_VIOLATION (0xc0000005) at pc=0x00007ffb74fd1249]

GC Heap History (0 events):
No events

Deoptimization events (0 events):
No events

Classes unloaded (0 events):
No events

Classes redefined (0 events):
No events

Internal exceptions (0 events):
No events

VM Operations (0 events):
No events

Events (1 events):
Event: 0.008 Loaded shared library C:\Program Files\Java\bin\java.dll


Dynamic libraries:
0x00007ff7c69f0000 - 0x00007ff7c6a00000 	C:\Program Files\Java\bin\java.exe
0x00007ffbc9fb0000 - 0x00007ffbca1a8000 	C:\Windows\SYSTEM32\ntdll.dll
0x00007ffb89be0000 - 0x00007ffb89bf9000 	C:\Program Files\Avast Software\Avast\aswhook.dll
0x00007ffbc8f20000 - 0x00007ffbc8fdd000 	C:\Windows\System32\KERNEL32.DLL
0x00007ffbc7860000 - 0x00007ffbc7b56000 	C:\Windows\System32\KERNELBASE.dll
0x00007ffbc7e40000 - 0x00007ffbc7f40000 	C:\Windows\System32\ucrtbase.dll
0x00007ffbc2900000 - 0x00007ffbc2919000 	C:\Program Files\Java\bin\jli.dll
0x00007ffbc1af0000 - 0x00007ffbc1b0b000 	C:\Program Files\Java\bin\VCRUNTIME140.dll
0x00007ffbc8fe0000 - 0x00007ffbc9090000 	C:\Windows\System32\ADVAPI32.dll
0x00007ffbc81a0000 - 0x00007ffbc823e000 	C:\Windows\System32\msvcrt.dll
0x00007ffbc7fe0000 - 0x00007ffbc8080000 	C:\Windows\System32\sechost.dll
0x00007ffbc9820000 - 0x00007ffbc9943000 	C:\Windows\System32\RPCRT4.dll
0x00007ffbc7cf0000 - 0x00007ffbc7d17000 	C:\Windows\System32\bcrypt.dll
0x00007ffbc8400000 - 0x00007ffbc859f000 	C:\Windows\System32\USER32.dll
0x00007ffbc7b60000 - 0x00007ffbc7b82000 	C:\Windows\System32\win32u.dll
0x00007ffbb4130000 - 0x00007ffbb43ca000 	C:\Windows\WinSxS\amd64_microsoft.windows.common-controls_6595b64144ccf1df_6.0.19041.4355_none_60b8b9eb71f62e16\COMCTL32.dll
0x00007ffbc8a10000 - 0x00007ffbc8a3b000 	C:\Windows\System32\GDI32.dll
0x00007ffbc7d20000 - 0x00007ffbc7e37000 	C:\Windows\System32\gdi32full.dll
0x00007ffbc7f40000 - 0x00007ffbc7fdd000 	C:\Windows\System32\msvcp_win.dll
0x00007ffbbf920000 - 0x00007ffbbf92a000 	C:\Windows\SYSTEM32\VERSION.dll
0x00007ffbc9bc0000 - 0x00007ffbc9bf2000 	C:\Windows\System32\IMM32.DLL
0x00007ffbc30e0000 - 0x00007ffbc30ec000 	C:\Program Files\Java\bin\vcruntime140_1.dll
0x00007ffb9ef60000 - 0x00007ffb9efee000 	C:\Program Files\Java\bin\msvcp140.dll
0x00007ffb74900000 - 0x00007ffb754df000 	C:\Program Files\Java\bin\server\jvm.dll
0x00007ffbc9e90000 - 0x00007ffbc9e98000 	C:\Windows\System32\PSAPI.DLL
0x00007ffbafd10000 - 0x00007ffbafd19000 	C:\Windows\SYSTEM32\WSOCK32.dll
0x00007ffbb7c90000 - 0x00007ffbb7cb7000 	C:\Windows\SYSTEM32\WINMM.dll
0x00007ffbc8a40000 - 0x00007ffbc8aab000 	C:\Windows\System32\WS2_32.dll
0x00007ffbc5ea0000 - 0x00007ffbc5eb2000 	C:\Windows\SYSTEM32\kernel.appcore.dll
0x00007ffbc3030000 - 0x00007ffbc303a000 	C:\Program Files\Java\bin\jimage.dll
0x00007ffbc54b0000 - 0x00007ffbc5694000 	C:\Windows\SYSTEM32\DBGHELP.DLL
0x00007ffbbde40000 - 0x00007ffbbde74000 	C:\Windows\SYSTEM32\dbgcore.DLL
0x00007ffbc7660000 - 0x00007ffbc76e2000 	C:\Windows\System32\bcryptPrimitives.dll
0x00007ffbbe080000 - 0x00007ffbbe08e000 	C:\Program Files\Java\bin\instrument.dll
0x00007ffbade40000 - 0x00007ffbade65000 	C:\Program Files\Java\bin\java.dll

dbghelp: loaded successfully - version: 4.0.5 - missing functions: none
symbol engine: initialized successfully - sym options: 0x614 - pdb path: .;C:\Program Files\Java\bin;C:\Windows\SYSTEM32;C:\Program Files\Avast Software\Avast;C:\Windows\WinSxS\amd64_microsoft.windows.common-controls_6595b64144ccf1df_6.0.19041.4355_none_60b8b9eb71f62e16;C:\Program Files\Java\bin\server

VM Arguments:
jvm_args: -XX:TieredStopAtLevel=1 -Dspring.output.ansi.enabled=always -Dcom.sun.management.jmxremote -Dspring.jmx.enabled=true -Dspring.liveBeansView.mbeanDomain -Dspring.application.admin.enabled=true -Dmanagement.endpoints.jmx.exposure.include=* -javaagent:G:\java spring\intellij\IntelliJ IDEA 2023.3.3\lib\idea_rt.jar=55571:G:\java spring\intellij\IntelliJ IDEA 2023.3.3\bin -Dfile.encoding=UTF-8 
java_command: com.abdabughazaleh.pos.pos.PosApplication
java_class_path (initial): G:\java spring\create-controllers\pos\target\classes;C:\Users\alnam\.m2\repository\org\springframework\boot\spring-boot-starter-web\3.2.5\spring-boot-starter-web-3.2.5.jar;C:\Users\alnam\.m2\repository\org\springframework\boot\spring-boot-starter\3.2.5\spring-boot-starter-3.2.5.jar;C:\Users\alnam\.m2\repository\org\springframework\boot\spring-boot\3.2.5\spring-boot-3.2.5.jar;C:\Users\alnam\.m2\repository\org\springframework\boot\spring-boot-autoconfigure\3.2.5\spring-boot-autoconfigure-3.2.5.jar;C:\Users\alnam\.m2\repository\org\springframework\boot\spring-boot-starter-logging\3.2.5\spring-boot-starter-logging-3.2.5.jar;C:\Users\alnam\.m2\repository\ch\qos\logback\logback-classic\1.4.14\logback-classic-1.4.14.jar;C:\Users\alnam\.m2\repository\ch\qos\logback\logback-core\1.4.14\logback-core-1.4.14.jar;C:\Users\alnam\.m2\repository\org\apache\logging\log4j\log4j-to-slf4j\2.21.1\log4j-to-slf4j-2.21.1.jar;C:\Users\alnam\.m2\repository\org\apache\logging\log4j\log4j-api\2.21.1\log4j-api-2.21.1.jar;C:\Users\alnam\.m2\repository\org\slf4j\jul-to-slf4j\2.0.13\jul-to-slf4j-2.0.13.jar;C:\Users\alnam\.m2\repository\org\yaml\snakeyaml\2.2\snakeyaml-2.2.jar;C:\Users\alnam\.m2\repository\org\springframework\boot\spring-boot-starter-json\3.2.5\spring-boot-starter-json-3.2.5.jar;C:\Users\alnam\.m2\repository\com\fasterxml\jackson\core\jackson-databind\2.15.4\jackson-databind-2.15.4.jar;C:\Users\alnam\.m2\repository\com\fasterxml\jackson\core\jackson-annotations\2.15.4\jackson-annotations-2.15.4.jar;C:\Users\alnam\.m2\repository\com\fasterxml\jackson\core\jackson-core\2.15.4\jackson-core-2.15.4.jar;C:\Users\alnam\.m2\repository\com\fasterxml\jackson\datatype\jackson-datatype-jdk8\2.15.4\jackson-datatype-jdk8-2.15.4.jar;C:\Users\alnam\.m2\repository\com\fasterxml\jackson\datatype\jackson-datatype-jsr310\2.15.4\jackson-datatype-jsr310-2.15.4.jar;C:\Users\alnam\.m2\repository\com\fasterxml\jackson\module\jackson-module-parameter-names\2.15.4\jackson-module-
Launcher Type: SUN_STANDARD

[Global flags]
     intx CICompilerCount                          = 4                                         {product} {ergonomic}
     uint ConcGCThreads                            = 3                                         {product} {ergonomic}
     uint G1ConcRefinementThreads                  = 10                                        {product} {ergonomic}
   size_t G1HeapRegionSize                         = 2097152                                   {product} {ergonomic}
    uintx GCDrainStackTargetSize                   = 64                                        {product} {ergonomic}
   size_t InitialHeapSize                          = 268435456                                 {product} {ergonomic}
     bool ManagementServer                         = true                                      {product} {command line}
   size_t MarkStackSize                            = 4194304                                   {product} {ergonomic}
   size_t MaxHeapSize                              = 4271898624                                {product} {ergonomic}
   size_t MinHeapDeltaBytes                        = 2097152                                   {product} {ergonomic}
   size_t MinHeapSize                              = 8388608                                   {product} {ergonomic}
    uintx NonProfiledCodeHeapSize                  = 0                                      {pd product} {ergonomic}
     bool ProfileInterpreter                       = false                                  {pd product} {command line}
    uintx ProfiledCodeHeapSize                     = 0                                      {pd product} {ergonomic}
   size_t SoftMaxHeapSize                          = 4271898624                             {manageable} {ergonomic}
     intx TieredStopAtLevel                        = 1                                         {product} {command line}
     bool UseCompressedClassPointers               = true                           {product lp64_product} {ergonomic}
     bool UseCompressedOops                        = true                           {product lp64_product} {ergonomic}
     bool UseG1GC                                  = true                                      {product} {ergonomic}
     bool UseLargePagesIndividualAllocation        = false                                  {pd product} {ergonomic}

Logging:
Log output configuration:
 #0: stdout all=warning uptime,level,tags
 #1: stderr all=off uptime,level,tags

Environment Variables:
PATH=C:\Program Files\Common Files\Oracle\Java\javapath;C:\ProgramData\Oracle\Java\javapath;C:\Windows\system32;C:\Windows;C:\Windows\System32\Wbem;C:\Windows\System32\WindowsPowerShell\v1.0\;C:\Windows\System32\OpenSSH\;C:\Program Files\NVIDIA Corporation\NVIDIA NvDLISR;C:\Users\alnam\AppData\Local\Microsoft\WindowsApps;
USERNAME=alnam
OS=Windows_NT
PROCESSOR_IDENTIFIER=Intel64 Family 6 Model 158 Stepping 10, GenuineIntel



---------------  S Y S T E M  ---------------

OS:
 Windows 10 , 64 bit Build 19041 (10.0.19041.3636)
OS uptime: 2 days 0:48 hours

CPU: total 12 (initial active 12) (6 cores per cpu, 2 threads per core) family 6 model 158 stepping 10 microcode 0xf0, cx8, cmov, fxsr, ht, mmx, 3dnowpref, sse, sse2, sse3, ssse3, sse4.1, sse4.2, popcnt, lzcnt, tsc, tscinvbit, avx, avx2, aes, erms, clmul, bmi1, bmi2, adx, fma, vzeroupper, clflush, clflushopt

Memory: 4k page, system-wide physical 16294M (4438M free)
TotalPageFile size 18342M (AvailPageFile size 74M)
current process WorkingSet (physical memory assigned to process): 10M, peak: 10M
current process commit charge ("private bytes"): 59M, peak: 315M

vm_info: Java HotSpot(TM) 64-Bit Server VM (17.0.10+11-LTS-240) for windows-amd64 JRE (17.0.10+11-LTS-240), built on Dec 19 2023 21:47:25 by "mach5one" with MS VC++ 17.1 (VS2022)

END.
